0 info it worked if it ends with ok
1 verbose cli [ '/usr/bin/nodejs',
1 verbose cli   '/usr/local/bin/npm',
1 verbose cli   'config',
1 verbose cli   'set',
1 verbose cli   'tmp',
1 verbose cli   '/media/aman/D4AEDBC4AEDB9D74/downloads' ]
2 info using npm@3.7.1
3 info using node@v4.2.6
4 info config set "tmp" "/media/aman/D4AEDBC4AEDB9D74/downloads"
5 verbose stack Error: ENOSPC: no space left on device, open '/home/aman/.npmrc'
5 verbose stack     at Error (native)
6 verbose cwd /media/aman/D4AEDBC4AEDB9D74/Tailorkraft/tailorkraft_91
7 error Linux 4.4.0-28-generic
8 error argv "/usr/bin/nodejs" "/usr/local/bin/npm" "config" "set" "tmp" "/media/aman/D4AEDBC4AEDB9D74/downloads"
9 error node v4.2.6
10 error npm  v3.7.1
11 error path /home/aman/.npmrc
12 error code ENOSPC
13 error errno -28
14 error syscall open
15 error nospc ENOSPC: no space left on device, open '/home/aman/.npmrc'
16 error nospc This is most likely not a problem with npm itself
16 error nospc and is related to insufficient space on your system.
17 verbose exit [ -28, true ]
